<?xml version="1.0" encoding="UTF-8"?>
<!-- Generated by org.testng.reporters.JUnitReportReporter -->
<testsuite hostname="DESKTOP-AHMVJTM" failures="0" tests="1" name="ex_Selenium_24Jul2024_Actions_Windows_DragDown_Class.Lab265_Google" time="13.130" errors="0" timestamp="2025-09-13T20:00:21 IST" skipped="0">
  <testcase classname="ex_Selenium_24Jul2024_Actions_Windows_DragDown_Class.Lab265_Google" name="google" time="13.130"/>
</testsuite> <!-- ex_Selenium_24Jul2024_Actions_Windows_DragDown_Class.Lab265_Google -->
