<?xml version="1.0" encoding="UTF-8"?>
<!-- Generated by org.testng.reporters.JUnitReportReporter -->
<testsuite hostname="DESKTOP-AHMVJTM" failures="0" tests="1" name="ex_Selenium_24Jul2024_Actions_Windows_DragDown_Class.Lab261_Relative_Locators" time="0.808" errors="0" timestamp="2025-09-13T16:24:53 IST" skipped="0">
  <testcase classname="ex_Selenium_24Jul2024_Actions_Windows_DragDown_Class.Lab261_Relative_Locators" name="testPositiveWindowsOptions" time="0.808"/>
</testsuite> <!-- ex_Selenium_24Jul2024_Actions_Windows_DragDown_Class.Lab261_Relative_Locators -->
