<?xml version="1.0" encoding="UTF-8"?>
<!-- Generated by org.testng.reporters.JUnitReportReporter -->
<testsuite hostname="DESKTOP-AHMVJTM" failures="0" tests="1" name="ex_Selenium_20Jul2024_Impl_Expl_Waits_and_More.Lab250_Static_Web_Table" time="2.048" errors="0" timestamp="2025-05-09T17:27:34 IST" skipped="0">
  <testcase classname="ex_Selenium_20Jul2024_Impl_Expl_Waits_and_More.Lab250_Static_Web_Table" name="testPositive" time="2.048"/>
</testsuite> <!-- ex_Selenium_20Jul2024_Impl_Expl_Waits_and_More.Lab250_Static_Web_Table -->
