<?xml version="1.0" encoding="UTF-8"?>
<!-- Generated by org.testng.reporters.JUnitReportReporter -->
<testsuite hostname="DESKTOP-AHMVJTM" failures="0" tests="1" name="ex_Selenium_SVG.Lab254_Flipkart_SVG_Element" time="13.430" errors="0" timestamp="2025-01-12T12:51:10 IST" skipped="0">
  <testcase classname="ex_Selenium_SVG.Lab254_Flipkart_SVG_Element" name="testPositive" time="13.430"/>
</testsuite> <!-- ex_Selenium_SVG.Lab254_Flipkart_SVG_Element -->
