<?xml version="1.0" encoding="UTF-8"?>
<!-- Generated by org.testng.reporters.JUnitReportReporter -->
<testsuite hostname="DESKTOP-AHMVJTM" failures="0" tests="1" name="ex_Selenium_20Jul2024_Implicit_Explicit_Waits.Lab246" time="23.013" errors="0" timestamp="2024-12-31T16:17:17 IST" skipped="0">
  <testcase classname="ex_Selenium_20Jul2024_Implicit_Explicit_Waits.Lab246" name="testVerifyFreeTrial" time="23.013"/>
</testsuite> <!-- ex_Selenium_20Jul2024_Implicit_Explicit_Waits.Lab246 -->
