<?xml version="1.0" encoding="UTF-8"?>
<!-- Generated by org.testng.reporters.JUnitReportReporter -->
<testsuite hostname="DESKTOP-AHMVJTM" failures="0" tests="1" name="ex_Selenium_20Jul2024_Impl_Expl_Waits_and_More.Lab249_CheckBoxes" time="3.570" errors="0" timestamp="2025-01-01T19:30:24 IST" skipped="0">
  <testcase classname="ex_Selenium_20Jul2024_Impl_Expl_Waits_and_More.Lab249_CheckBoxes" name="testVerifyCheckboxes" time="3.570"/>
</testsuite> <!-- ex_Selenium_20Jul2024_Impl_Expl_Waits_and_More.Lab249_CheckBoxes -->
