<?xml version="1.0" encoding="UTF-8"?>
<!-- Generated by org.testng.reporters.JUnitReportReporter -->
<testsuite hostname="DESKTOP-AHMVJTM" failures="0" tests="1" name="ex_Selenium_Actions_Windows_DragDown_Class.Lab258" time="9.068" errors="0" timestamp="2025-01-29T20:57:27 IST" skipped="0">
  <testcase classname="ex_Selenium_Actions_Windows_DragDown_Class.Lab258" name="testPositive" time="9.068"/>
</testsuite> <!-- ex_Selenium_Actions_Windows_DragDown_Class.Lab258 -->
