<?xml version="1.0" encoding="UTF-8"?>
<!-- Generated by org.testng.reporters.JUnitReportReporter -->
<testsuite hostname="DESKTOP-AHMVJTM" failures="0" tests="1" name="ex_Selenium_SVG_Part1.Lab256_SpiceJet_Example" time="7.664" errors="0" timestamp="2025-01-29T20:25:48 IST" skipped="0">
  <testcase classname="ex_Selenium_SVG_Part1.Lab256_SpiceJet_Example" name="testPositive" time="7.664"/>
</testsuite> <!-- ex_Selenium_SVG_Part1.Lab256_SpiceJet_Example -->
