<?xml version="1.0" encoding="UTF-8"?>
<!-- Generated by org.testng.reporters.JUnitReportReporter -->
<testsuite hostname="DESKTOP-AHMVJTM" failures="0" tests="1" name="ex_Selenium_20Jul2024_Implicit_Explicit_Waits.Lab247_SelectBox" time="3.251" errors="0" timestamp="2024-12-31T22:50:14 IST" skipped="0">
  <testcase classname="ex_Selenium_20Jul2024_Implicit_Explicit_Waits.Lab247_SelectBox" name="testVerifyFreeTrial" time="3.251"/>
</testsuite> <!-- ex_Selenium_20Jul2024_Implicit_Explicit_Waits.Lab247_SelectBox -->
