<?xml version="1.0" encoding="UTF-8"?>
<!-- Generated by org.testng.reporters.JUnitReportReporter -->
<testsuite hostname="DESKTOP-AHMVJTM" failures="0" tests="1" name="ex_Selenium_Actions_Windows_DragDown_Class.Lab259_Drag_Drop" time="13.244" errors="0" timestamp="2025-01-31T15:35:46 IST" skipped="0">
  <testcase classname="ex_Selenium_Actions_Windows_DragDown_Class.Lab259_Drag_Drop" name="testPositiveDragDrop" time="13.244"/>
</testsuite> <!-- ex_Selenium_Actions_Windows_DragDown_Class.Lab259_Drag_Drop -->
