<?xml version="1.0" encoding="UTF-8"?>
<!-- Generated by org.testng.reporters.JUnitReportReporter -->
<testsuite hostname="DESKTOP-AHMVJTM" failures="0" tests="1" name="ex_selenium_11Jul2024.Lab235" time="65.944" errors="0" timestamp="2024-11-29T20:01:37 IST" skipped="0">
  <testcase classname="ex_selenium_11Jul2024.Lab235" name="vwoLogin" time="65.944"/>
</testsuite> <!-- ex_selenium_11Jul2024.Lab235 -->
