<?xml version="1.0" encoding="UTF-8"?>
<!-- Generated by org.testng.reporters.JUnitReportReporter -->
<testsuite hostname="DESKTOP-AHMVJTM" failures="0" tests="1" name="ex_Selenium_23Jul2024.Lab252_SVG_Element" time="8.690" errors="0" timestamp="2025-09-13T16:06:34 IST" skipped="0">
  <testcase classname="ex_Selenium_23Jul2024.Lab252_SVG_Element" name="SVGElement" time="8.690"/>
</testsuite> <!-- ex_Selenium_23Jul2024.Lab252_SVG_Element -->
