<?xml version="1.0" encoding="UTF-8"?>
<!-- Generated by org.testng.reporters.JUnitReportReporter -->
<testsuite hostname="DESKTOP-AHMVJTM" failures="0" tests="1" name="ex_Selenium_SVG.Lab254_Shadow_DOM" time="10.650" errors="0" timestamp="2025-01-13T19:40:24 IST" skipped="0">
  <testcase classname="ex_Selenium_SVG.Lab254_Shadow_DOM" name="testPositive" time="10.650"/>
</testsuite> <!-- ex_Selenium_SVG.Lab254_Shadow_DOM -->
