<?xml version="1.0" encoding="UTF-8"?>
<!-- Generated by org.testng.reporters.JUnitReportReporter -->
<testsuite hostname="DESKTOP-AHMVJTM" failures="0" tests="1" name="SeleniumHW_Proj2.login" time="15.894" errors="0" timestamp="2024-12-17T22:22:44 IST" skipped="0">
  <testcase classname="SeleniumHW_Proj2.login" name="testBrowser" time="15.894"/>
</testsuite> <!-- SeleniumHW_Proj2.login -->
