<?xml version="1.0" encoding="UTF-8"?>
<!-- Generated by org.testng.reporters.JUnitReportReporter -->
<testsuite hostname="DESKTOP-AHMVJTM" failures="0" tests="1" name="ex_selenium_16Jul2024.Lab243" time="10.502" errors="0" timestamp="2024-12-18T17:04:14 IST" skipped="0">
  <testcase classname="ex_selenium_16Jul2024.Lab243" name="testVerifyFREETrail" time="10.502"/>
</testsuite> <!-- ex_selenium_16Jul2024.Lab243 -->
