<?xml version="1.0" encoding="UTF-8"?>
<!-- Generated by org.testng.reporters.JUnitReportReporter -->
<testsuite hostname="DESKTOP-AHMVJTM" failures="0" tests="1" name="ex_Selenium_23Jul2024.Lab251_Dynamic_WebTable" time="1.541" errors="0" timestamp="2025-09-13T16:04:43 IST" skipped="0">
  <testcase classname="ex_Selenium_23Jul2024.Lab251_Dynamic_WebTable" name="testPositive" time="1.541"/>
</testsuite> <!-- ex_Selenium_23Jul2024.Lab251_Dynamic_WebTable -->
