<?xml version="1.0" encoding="UTF-8"?>
<!-- Generated by org.testng.reporters.JUnitReportReporter -->
<testsuite hostname="DESKTOP-AHMVJTM" failures="0" tests="1" name="ex_Selenium_20Jul2024_Implicit_Explicit_Waits.Lab248_Java_Alerts" time="4.827" errors="0" timestamp="2025-01-01T00:36:04 IST" skipped="0">
  <testcase classname="ex_Selenium_20Jul2024_Implicit_Explicit_Waits.Lab248_Java_Alerts" name="testVerifyJSAlerts" time="4.827"/>
</testsuite> <!-- ex_Selenium_20Jul2024_Implicit_Explicit_Waits.Lab248_Java_Alerts -->
