<?xml version="1.0" encoding="UTF-8"?>
<!-- Generated by org.testng.reporters.JUnitReportReporter -->
<testsuite hostname="DESKTOP-AHMVJTM" failures="0" tests="1" name="ex_Selenium_18Jul2024_Css_Selector.Lab244_Css_Selector_Ex" time="47.312" errors="0" timestamp="2024-12-26T13:13:13 IST" skipped="0">
  <testcase classname="ex_Selenium_18Jul2024_Css_Selector.Lab244_Css_Selector_Ex" name="testVerifyFreeTrial" time="47.312"/>
</testsuite> <!-- ex_Selenium_18Jul2024_Css_Selector.Lab244_Css_Selector_Ex -->
