<?xml version="1.0" encoding="UTF-8"?>
<!-- Generated by org.testng.reporters.JUnitReportReporter -->
<testsuite hostname="DESKTOP-AHMVJTM" failures="0" tests="1" name="ex_Selenium_23Jul2024.Lab253_SVG_Element_2" time="26.048" errors="0" timestamp="2025-01-29T15:47:02 IST" skipped="0">
  <testcase classname="ex_Selenium_23Jul2024.Lab253_SVG_Element_2" name="test_LabSVG" time="26.048"/>
</testsuite> <!-- ex_Selenium_23Jul2024.Lab253_SVG_Element_2 -->
