<?xml version="1.0" encoding="UTF-8"?>
<!-- Generated by org.testng.reporters.JUnitReportReporter -->
<testsuite hostname="DESKTOP-AHMVJTM" failures="0" tests="1" name="ex_selenium_13Jul2024_Xpath_Ex.Lab242_VWOLogin2_Trail_Xpath_Eg" time="81.061" errors="0" timestamp="2025-07-10T15:53:18 IST" skipped="0">
  <testcase classname="ex_selenium_13Jul2024_Xpath_Ex.Lab242_VWOLogin2_Trail_Xpath_Eg" name="testVerifyFreeTrail" time="81.061"/>
</testsuite> <!-- ex_selenium_13Jul2024_Xpath_Ex.Lab242_VWOLogin2_Trail_Xpath_Eg -->
