<?xml version="1.0" encoding="UTF-8"?>
<!-- Generated by org.testng.reporters.JUnitReportReporter -->
<testsuite hostname="DESKTOP-AHMVJTM" failures="0" tests="1" name="ex_Selenium_SVG_Part1.Lab255_Actions_Class" time="1.592" errors="0" timestamp="2025-01-29T16:59:09 IST" skipped="0">
  <testcase classname="ex_Selenium_SVG_Part1.Lab255_Actions_Class" name="testPositive" time="1.592"/>
</testsuite> <!-- ex_Selenium_SVG_Part1.Lab255_Actions_Class -->
