<?xml version="1.0" encoding="UTF-8"?>
<!-- Generated by org.testng.reporters.JUnitReportReporter -->
<testsuite hostname="DESKTOP-AHMVJTM" failures="0" tests="1" name="ex_Selenium_20Jul2024_Implicit_Explicit_Waits.Lab246_ExplicitWait_Example2" time="30.692" errors="0" timestamp="2024-12-31T22:09:18 IST" skipped="0">
  <testcase classname="ex_Selenium_20Jul2024_Implicit_Explicit_Waits.Lab246_ExplicitWait_Example2" name="testVerifyFreeTrial" time="30.692"/>
</testsuite> <!-- ex_Selenium_20Jul2024_Implicit_Explicit_Waits.Lab246_ExplicitWait_Example2 -->
