<?xml version="1.0" encoding="UTF-8"?>
<!-- Generated by org.testng.reporters.JUnitReportReporter -->
<testsuite hostname="DESKTOP-AHMVJTM" failures="0" tests="1" name="ex_Selenium_SVG.Lab256_SpiceJet_Example" time="11.540" errors="0" timestamp="2025-01-15T19:11:53 IST" skipped="0">
  <testcase classname="ex_Selenium_SVG.Lab256_SpiceJet_Example" name="testPositive" time="11.540"/>
</testsuite> <!-- ex_Selenium_SVG.Lab256_SpiceJet_Example -->
