<?xml version="1.0" encoding="UTF-8"?>
<!-- Generated by org.testng.reporters.JUnitReportReporter -->
<testsuite hostname="DESKTOP-AHMVJTM" failures="0" tests="1" name="ex_Selenium_24Jul2024_Actions_Windows_DragDown_Class.Lab265_Google" time="8.544" errors="0" timestamp="2025-02-02T21:52:58 IST" skipped="0">
  <testcase classname="ex_Selenium_24Jul2024_Actions_Windows_DragDown_Class.Lab265_Google" name="google" time="8.544"/>
</testsuite> <!-- ex_Selenium_24Jul2024_Actions_Windows_DragDown_Class.Lab265_Google -->
