<?xml version="1.0" encoding="UTF-8"?>
<!-- Generated by org.testng.reporters.JUnitReportReporter -->
<testsuite hostname="DESKTOP-AHMVJTM" failures="0" tests="1" name="ex_selenium_13Jul2024.Lab242_VWOLogin2_Trail" time="28.164" errors="0" timestamp="2024-12-18T16:51:54 IST" skipped="0">
  <testcase classname="ex_selenium_13Jul2024.Lab242_VWOLogin2_Trail" name="testVerifyFreeTrail" time="28.164"/>
</testsuite> <!-- ex_selenium_13Jul2024.Lab242_VWOLogin2_Trail -->
