<?xml version="1.0" encoding="UTF-8"?>
<!-- Generated by org.testng.reporters.JUnitReportReporter -->
<testsuite hostname="DESKTOP-AHMVJTM" failures="0" tests="1" name="ex_Selenium_Actions_Windows_DragDown_Class.Lab262" time="5.905" errors="0" timestamp="2025-02-02T16:13:54 IST" skipped="0">
  <testcase classname="ex_Selenium_Actions_Windows_DragDown_Class.Lab262" name="testPositiveWindowsOptions77" time="5.905"/>
</testsuite> <!-- ex_Selenium_Actions_Windows_DragDown_Class.Lab262 -->
