<?xml version="1.0" encoding="UTF-8"?>
<!-- Generated by org.testng.reporters.JUnitReportReporter -->
<testsuite hostname="DESKTOP-AHMVJTM" failures="0" tests="1" name="ex_Selenium_SVG.Lab255_Actions_Class" time="7.616" errors="0" timestamp="2025-01-15T18:39:54 IST" skipped="0">
  <testcase classname="ex_Selenium_SVG.Lab255_Actions_Class" name="testPositive" time="7.616"/>
</testsuite> <!-- ex_Selenium_SVG.Lab255_Actions_Class -->
