<?xml version="1.0" encoding="UTF-8"?>
<!-- Generated by org.testng.reporters.JUnitReportReporter -->
<testsuite hostname="DESKTOP-AHMVJTM" failures="0" tests="1" name="ex_selenium_13Jul2024.Lab241" time="72.308" errors="0" timestamp="2024-12-07T12:11:09 IST" skipped="0">
  <testcase classname="ex_selenium_13Jul2024.Lab241" name="testVWOLoginNegative_test" time="72.308"/>
</testsuite> <!-- ex_selenium_13Jul2024.Lab241 -->
