<?xml version="1.0" encoding="UTF-8"?>
<!-- Generated by org.testng.reporters.JUnitReportReporter -->
<testsuite hostname="DESKTOP-AHMVJTM" failures="0" tests="1" name="ex_Selenium_Actions_Windows_DragDown_Class.Lab260_Windows_Options" time="7.609" errors="0" timestamp="2025-01-31T18:39:25 IST" skipped="0">
  <testcase classname="ex_Selenium_Actions_Windows_DragDown_Class.Lab260_Windows_Options" name="testPositiveDragDrop" time="7.609"/>
</testsuite> <!-- ex_Selenium_Actions_Windows_DragDown_Class.Lab260_Windows_Options -->
