<?xml version="1.0" encoding="UTF-8"?>
<!-- Generated by org.testng.reporters.JUnitReportReporter -->
<testsuite hostname="DESKTOP-AHMVJTM" failures="0" tests="1" name="ex_selenium_13Jul2024_Xpath_Ex.Lab241_VWO_Login_Trial" time="32.832" errors="0" timestamp="2025-09-13T15:31:32 IST" skipped="0">
  <testcase classname="ex_selenium_13Jul2024_Xpath_Ex.Lab241_VWO_Login_Trial" name="testVWOLoginNegative_test" time="32.832"/>
</testsuite> <!-- ex_selenium_13Jul2024_Xpath_Ex.Lab241_VWO_Login_Trial -->
