<?xml version="1.0" encoding="UTF-8"?>
<!-- Generated by org.testng.reporters.JUnitReportReporter -->
<testsuite hostname="DESKTOP-AHMVJTM" failures="0" tests="1" name="ex_Selenium_SVG_Part1.Lab254_Flipkart_SVG_Element" time="17.054" errors="0" timestamp="2025-01-29T13:15:15 IST" skipped="0">
  <testcase classname="ex_Selenium_SVG_Part1.Lab254_Flipkart_SVG_Element" name="testPositive" time="17.054"/>
</testsuite> <!-- ex_Selenium_SVG_Part1.Lab254_Flipkart_SVG_Element -->
