<?xml version="1.0" encoding="UTF-8"?>
<!-- Generated by org.testng.reporters.JUnitReportReporter -->
<testsuite hostname="DESKTOP-AHMVJTM" failures="0" tests="1" name="ex_selenium_11Jul2024.Lab238" time="74.807" errors="0" timestamp="2024-11-30T00:32:22 IST" skipped="0">
  <testcase classname="ex_selenium_11Jul2024.Lab238" name="testVWOLoginTitle" time="74.807"/>
</testsuite> <!-- ex_selenium_11Jul2024.Lab238 -->
