<?xml version="1.0" encoding="UTF-8"?>
<!-- Generated by org.testng.reporters.JUnitReportReporter -->
<testsuite hostname="DESKTOP-AHMVJTM" failures="0" tests="1" name="ex_Selenium_23Jul2024.Lab251" time="1.940" errors="0" timestamp="2025-01-10T19:29:06 IST" skipped="0">
  <testcase classname="ex_Selenium_23Jul2024.Lab251" name="testPositive" time="1.940"/>
</testsuite> <!-- ex_Selenium_23Jul2024.Lab251 -->
