<?xml version="1.0" encoding="UTF-8"?>
<!-- Generated by org.testng.reporters.JUnitReportReporter -->
<testsuite hostname="DESKTOP-AHMVJTM" failures="0" tests="1" name="ex_Selenium_23Jul2024.Lab252_SVG_Element" time="7.505" errors="0" timestamp="2025-01-09T19:07:21 IST" skipped="0">
  <testcase classname="ex_Selenium_23Jul2024.Lab252_SVG_Element" name="SVGElement" time="7.505"/>
</testsuite> <!-- ex_Selenium_23Jul2024.Lab252_SVG_Element -->
